<?xml version="1.0" encoding="UTF-8"?>
<!-- Generated by org.testng.reporters.JUnitReportReporter -->
<testsuite skipped="0" hostname="f45c899d4237" name="com.harsha.javaPractice.collections.day12.IteratorPractice" tests="1" failures="0" timestamp="11 Mar 2018 03:32:16 GMT" time="0.001" errors="0">
  <testcase name="iteratorPractice" time="0.001" classname="com.harsha.javaPractice.collections.day12.IteratorPractice"/>
</testsuite> <!-- com.harsha.javaPractice.collections.day12.IteratorPractice -->
